Build started 5.8.2014 20:48:04.
     1>Project "D:\_dev_test\console-raytracer\src\src.vcxproj" on node 2 (build target(s)).
     1>InitializeBuildStatus:
         Creating "Win32\Release\console-raytracer.unsuccessfulbuild" because "AlwaysCreate" was specified.
       ClCompile:
         C:\Program Files (x86)\Microsoft Visual Studio 10.0\VC\bin\CL.exe /c /I"C:\qt\5.3\msvc2010_opengl\mkspecs\win32-msvc2010" /I"C:\Program Files (x86)\Visual Leak Detector\include" /Zi /nologo /W3 /WX- /O2 /Oy- /D _CONSOLE /D UNICODE /D WIN32 /D NDEBUG /Gm- /EHsc /MD /GS /fp:precise /Zc:wchar_t /Zc:forScope /GR /Fo"Win32\Release\\" /Fd"Win32\Release\vc100.pdb" /Gd /TP /analyze- /errorReport:prompt main.cpp -Zm200 -w34100 -w34189 
         main.cpp
     1>main.cpp(203): warning C4189: 'i' : local variable is initialized but not referenced
       Link:
         C:\Program Files (x86)\Microsoft Visual Studio 10.0\VC\bin\link.exe /ERRORREPORT:PROMPT /OUT:"release\\src.exe" /INCREMENTAL:NO /NOLOGO /LIBPATH:C:\Qt\5.3\msvc2010_opengl\lib /LIBPATH:"C:\Program Files (x86)\Visual Leak Detector\lib\Win32" kernel32.lib user32.lib gdi32.lib winspool.lib comdlg32.lib advapi32.lib shell32.lib ole32.lib oleaut32.lib uuid.lib odbc32.lib odbccp32.lib /MANIFEST /ManifestFile:"Win32\Release\src.exe.intermediate.manifest" /MANIFESTUAC:"level='asInvoker' uiAccess='false'" /PDB:"D:\_dev_test\console-raytracer\src\release\src.pdb" /SUBSYSTEM:CONSOLE /TLBID:1 /DYNAMICBASE /NXCOMPAT /MACHINE:X86 Win32\Release\camera.obj
         Win32\Release\film.obj
         Win32\Release\geometry.obj
         Win32\Release\light.obj
         Win32\Release\main.obj
         Win32\Release\material.obj
         Win32\Release\primitive.obj "/MANIFESTDEPENDENCY:type='win32' name='Microsoft.Windows.Common-Controls' version='6.0.0.0' publicKeyToken='6595b64144ccf1df' language='*' processorArchitecture='*'" 
         src.vcxproj -> D:\_dev_test\console-raytracer\src\release\src.exe
       Manifest:
         C:\Program Files (x86)\Microsoft SDKs\Windows\v7.0A\bin\mt.exe /nologo /verbose /outputresource:"release\\src.exe;#1" /manifest Win32\Release\src.exe.intermediate.manifest
       FinalizeBuildStatus:
         Deleting file "Win32\Release\console-raytracer.unsuccessfulbuild".
         Touching "Win32\Release\console-raytracer.lastbuildstate".
     1>Done Building Project "D:\_dev_test\console-raytracer\src\src.vcxproj" (build target(s)).

Build succeeded.

Time Elapsed 00:00:02.51
