D:\_DEV_TEST\CONSOLE-RAYTRACER\SRC\DEBUG\SRC.EXE
D:\_DEV_TEST\CONSOLE-RAYTRACER\SRC\DEBUG\SRC.ILK
D:\_DEV_TEST\CONSOLE-RAYTRACER\SRC\DEBUG\SRC.PDB
D:\_DEV_TEST\CONSOLE-RAYTRACER\SRC\WIN32\DEBUG\CAMERA.OBJ
D:\_dev_test\console-raytracer\src\Win32\Debug\cl.command.1.tlog
D:\_dev_test\console-raytracer\src\Win32\Debug\CL.read.1.tlog
D:\_dev_test\console-raytracer\src\Win32\Debug\CL.write.1.tlog
D:\_dev_test\console-raytracer\src\Win32\Debug\console-raytracer.write.1.tlog
D:\_DEV_TEST\CONSOLE-RAYTRACER\SRC\WIN32\DEBUG\FILM.OBJ
D:\_DEV_TEST\CONSOLE-RAYTRACER\SRC\WIN32\DEBUG\GEOMETRY.OBJ
D:\_DEV_TEST\CONSOLE-RAYTRACER\SRC\WIN32\DEBUG\LIGHT.OBJ
D:\_dev_test\console-raytracer\src\Win32\Debug\link.command.1.tlog
D:\_dev_test\console-raytracer\src\Win32\Debug\link.read.1.tlog
D:\_dev_test\console-raytracer\src\Win32\Debug\link.write.1.tlog
D:\_DEV_TEST\CONSOLE-RAYTRACER\SRC\WIN32\DEBUG\MAIN.OBJ
D:\_DEV_TEST\CONSOLE-RAYTRACER\SRC\WIN32\DEBUG\MATERIAL.OBJ
D:\_dev_test\console-raytracer\src\Win32\Debug\mt.command.1.tlog
D:\_dev_test\console-raytracer\src\Win32\Debug\mt.read.1.tlog
D:\_dev_test\console-raytracer\src\Win32\Debug\mt.write.1.tlog
D:\_DEV_TEST\CONSOLE-RAYTRACER\SRC\WIN32\DEBUG\PRIMITIVE.OBJ
D:\_DEV_TEST\CONSOLE-RAYTRACER\SRC\WIN32\DEBUG\SRC.EXE.INTERMEDIATE.MANIFEST
D:\_DEV_TEST\CONSOLE-RAYTRACER\SRC\WIN32\DEBUG\VC100.PDB
debug\src.ilk
debug\src.pdb
